0 info it worked if it ends with ok
1 verbose cli [
1 verbose cli   'D:\\Software\\nodejs\\node.exe',
1 verbose cli   'D:\\Software\\nodejs\\node_modules\\npm\\bin\\npm-cli.js',
1 verbose cli   'run',
1 verbose cli   'docs:dev',
1 verbose cli   '--no-cache'
1 verbose cli ]
2 info using npm@6.14.5
3 info using node@v12.18.1
4 verbose run-script [ 'predocs:dev', 'docs:dev', 'postdocs:dev' ]
5 info lifecycle gulu-ui-one-hahaha@0.0.1~predocs:dev: gulu-ui-one-hahaha@0.0.1
6 info lifecycle gulu-ui-one-hahaha@0.0.1~docs:dev: gulu-ui-one-hahaha@0.0.1
7 verbose lifecycle gulu-ui-one-hahaha@0.0.1~docs:dev: unsafe-perm in lifecycle true
8 verbose lifecycle gulu-ui-one-hahaha@0.0.1~docs:dev: PATH: D:\Software\nodejs\node_modules\npm\node_modules\npm-lifecycle\node-gyp-bin;C:\Users\Maple\Desktop2\jirengu\202008\gulu-ui\node_modules\.bin;D:\Software\cmder\vendor\git-for-windows\mingw64\bin;D:\Software\cmder\vendor\git-for-windows\usr\bin;C:\Users\Maple\bin;C:\Users\Maple\Desktop2\jirengu\202008\gulu-ui\node_modules\.bin;C:\ProgramData\Oracle\Java\javapath;C:\WINDOWS\system32;C:\WINDOWS;C:\WINDOWS\System32\Wbem;C:\WINDOWS\System32\WindowsPowerShell\v1.0;C:\WINDOWS\System32\OpenSSH;D:\Program Files (x86)\Microsoft SQL Server\100\Tools\Binn;D:\Program Files\Microsoft SQL Server\100\Tools\Binn;D:\Program Files\Microsoft SQL Server\100\DTS\Binn;D:\Program Files (x86)\Microsoft SQL Server\100\Tools\Binn\VSShell\Common7\IDE;C:\Program Files (x86)\Microsoft Visual Studio 9.0\Common7\IDE\PrivateAssemblies;D:\Program Files (x86)\Microsoft SQL Server\100\DTS\Binn;C:\Program Files\Java\jdk1.8.0_13178\bin;C:\Program Files (x86)\NVIDIA Corporation\PhysX\Common;C:\Program Files\NVIDIA Corporation\NVIDIA NvDLISR;D:\Program Files\Git\cmd;D:\Program Files\Git\mingw64\bin;D:\Program Files\Git\usr\bin;D:\Software\hugo;D:\Software\nodejs;D:\Software\nodejs;D:\Software\yarn\bin;C:\Users\Maple\AppData\Local\Microsoft\WindowsApps;D:\Users\Maple\AppData\Local\Programs\Microsoft VS Code\bin;C:\Users\Maple\AppData\Roaming\npm;C:\Users\Maple\AppData\Local\Yarn\bin
9 verbose lifecycle gulu-ui-one-hahaha@0.0.1~docs:dev: CWD: C:\Users\Maple\Desktop2\jirengu\202008\gulu-ui
10 silly lifecycle gulu-ui-one-hahaha@0.0.1~docs:dev: Args: [ '/d /s /c', 'vuepress dev docs' ]
11 silly lifecycle gulu-ui-one-hahaha@0.0.1~docs:dev: Returned: code: 1  signal: null
12 info lifecycle gulu-ui-one-hahaha@0.0.1~docs:dev: Failed to exec docs:dev script
13 verbose stack Error: gulu-ui-one-hahaha@0.0.1 docs:dev: `vuepress dev docs`
13 verbose stack Exit status 1
13 verbose stack     at EventEmitter.<anonymous> (D:\Software\nodejs\node_modules\npm\node_modules\npm-lifecycle\index.js:332:16)
13 verbose stack     at EventEmitter.emit (events.js:315:20)
13 verbose stack     at ChildProcess.<anonymous> (D:\Software\nodejs\node_modules\npm\node_modules\npm-lifecycle\lib\spawn.js:55:14)
13 verbose stack     at ChildProcess.emit (events.js:315:20)
13 verbose stack     at maybeClose (internal/child_process.js:1021:16)
13 verbose stack     at Process.ChildProcess._handle.onexit (internal/child_process.js:286:5)
14 verbose pkgid gulu-ui-one-hahaha@0.0.1
15 verbose cwd C:\Users\Maple\Desktop2\jirengu\202008\gulu-ui
16 verbose Windows_NT 10.0.17763
17 verbose argv "D:\\Software\\nodejs\\node.exe" "D:\\Software\\nodejs\\node_modules\\npm\\bin\\npm-cli.js" "run" "docs:dev" "--no-cache"
18 verbose node v12.18.1
19 verbose npm  v6.14.5
20 error code ELIFECYCLE
21 error errno 1
22 error gulu-ui-one-hahaha@0.0.1 docs:dev: `vuepress dev docs`
22 error Exit status 1
23 error Failed at the gulu-ui-one-hahaha@0.0.1 docs:dev script.
23 error This is probably not a problem with npm. There is likely additional logging output above.
24 verbose exit [ 1, true ]
